<?xml version="1.0" encoding="UTF-8"?>
<!-- Generated by org.testng.reporters.JUnitReportReporter -->
<testsuite hostname="MIKALA" name="org.mikala.testqwondo.jpa.TestqwondoJpaUsersTests" tests="1" failures="0" timestamp="29 Feb 2016 22:39:23 GMT" time="0.752" errors="0">
  <testcase name="testHome" time="0.752" classname="org.mikala.testqwondo.jpa.TestqwondoJpaUsersTests"/>
</testsuite> <!-- org.mikala.testqwondo.jpa.TestqwondoJpaUsersTests -->
