<?xml version="1.0" encoding="UTF-8"?>
<!-- Generated by org.testng.reporters.JUnitReportReporter -->
<testsuite hostname="MIKALA" name="org.mikala.testqwondo.jpa.TestqwondoJpaTests" tests="1" failures="0" timestamp="26 Feb 2016 22:42:01 GMT" time="0.546" errors="0">
  <testcase name="testHome" time="0.546" classname="org.mikala.testqwondo.jpa.TestqwondoJpaTests"/>
</testsuite> <!-- org.mikala.testqwondo.jpa.TestqwondoJpaTests -->
