<?xml version="1.0" encoding="UTF-8"?>
<!-- Generated by org.testng.reporters.JUnitReportReporter -->
<testsuite hostname="MIKALA" name="org.mikala.testqwondo.jpa.TestqwondoJpaTests" tests="1" failures="0" timestamp="29 Feb 2016 22:10:50 GMT" time="50.711" errors="0">
  <testcase name="testHome" time="50.711" classname="org.mikala.testqwondo.jpa.TestqwondoJpaTests"/>
</testsuite> <!-- org.mikala.testqwondo.jpa.TestqwondoJpaTests -->
