<?xml version="1.0" encoding="UTF-8"?>
<!-- Generated by org.testng.reporters.JUnitReportReporter -->
<testsuite hostname="MIKALA" name="org.mikala.testqwondo.tests.TestqwondoJpaTests" tests="1" failures="0" timestamp="26 Feb 2016 22:08:19 GMT" time="0.313" errors="0">
  <testcase name="testHome" time="0.313" classname="org.mikala.testqwondo.tests.TestqwondoJpaTests"/>
</testsuite> <!-- org.mikala.testqwondo.tests.TestqwondoJpaTests -->
