<?xml version="1.0" encoding="UTF-8"?>
<!-- Generated by org.testng.reporters.JUnitReportReporter -->
<testsuite hostname="MIKALA" name="org.mikala.testqwondo.tests.JpaTests" tests="1" failures="0" timestamp="29 Feb 2016 22:42:06 GMT" time="0.312" errors="0">
  <testcase name="testHome" time="0.312" classname="org.mikala.testqwondo.tests.JpaTests"/>
</testsuite> <!-- org.mikala.testqwondo.tests.JpaTests -->
